./bin/cktestfs -rwxrwxr-x 72240
./bin drwxr-xr-x 20
./bin/ece353-tester -rwxrwxr-x 5527
./bin/ece353-tester~ -rwxrwxr-x 5527
./bin/ece353-vnc -rwxrwxr-x 53
./bin/generate-mail -rwxrwxr-x 2277
./bin/generate-mail~ -rwxrwxr-x 2277
./bin/generate-marks -rwxrwxr-x 1940
./bin/generate-marks~ -rwxrwxr-x 1940
./bin/generate-one-mail -rwxrwxr-x 2497
./bin/generate-one-mail~ -rwxrwxr-x 2497
./bin/para-marker.py -rwxrwxr-x 3089
./bin/para-marker.py~ -rwxrwxr-x 3089
./bin/send-mail -rwxrwxr-x 1049
./bin/setup~ -rw-rw-r-- 2196
./bin/setup -rw-rwxr-x 2196
./bin/ugload -rwxrwxr-x 2717
./bin/ugproc -rwxrwxr-x 1657
./bin/update-marks -rwxrwxr-x 2508
. drwxr-xr-x 4
./scripts drwxr-xr-x 19
./scripts/.gitignore -rw-r--r-- 11
./scripts/lab1-01-warmup.py -rwxrwxr-x 1662
./scripts/lab2-01-ucontext.py -rwxrwxr-x 4190
./scripts/lab2-02-basic.py -rwxrwxr-x 2109
./scripts/lab3-01-preemptive.py -rwxrwxr-x 3782
./scripts/lab3-02-wakeup.py -rwxrwxr-x 1047
./scripts/lab3-03-wakeupall.py -rwxrwxr-x 730
./scripts/lab3-04-wait.py -rwxrwxr-x 2440
./scripts/lab3-05-lock.py -rwxrwxr-x 2225
./scripts/lab3-06-cv-signal.py -rwxrwxr-x 2770
./scripts/lab3-07-cv-broadcast.py -rwxrwxr-x 2782
./scripts/lab4-01-webserver.py -rwxrwxr-x 6010
./scripts/lab5-01-webserver.py -rwxrwxr-x 5558
./scripts/lab6-01-testfs.py -rwxrwxr-x 668
./scripts/readonlydir dr-xrwxr-x 3
./scripts/readonlydir/testfile -rw-r--r-- 32
./scripts/tester.pyc -rwxrwxr-x 7452
./scripts/tester.py -rwxrwxr-x 7831
